# JRE version: OpenJDK Runtime Environment (11.0.8+10) (build 11.0.8+10-b944.6842174)
# Java VM: OpenJDK 64-Bit Server VM (11.0.8+10-b944.6842174, mixed mode, tiered, compressed oops, g1 gc, windows-amd64)
Heap:
 garbage-first heap   total 187392K, used 137688K [0x0000000080000000, 0x0000000100000000)
  region size 1024K, 81 young (82944K), 10 survivors (10240K)
 Metaspace       used 81967K, capacity 84028K, committed 84224K, reserved 1122304K
  class space    used 10534K, capacity 11245K, committed 11264K, reserved 1048576K
GC Heap History (20 events):
Event: 1.798 GC heap before
{Heap before GC invocations=4 (full 0):
 garbage-first heap   total 129024K, used 67830K [0x0000000080000000, 0x0000000100000000)
  region size 1024K, 51 young (52224K), 1 survivors (1024K)
 Metaspace       used 26353K, capacity 26994K, committed 27264K, reserved 1073152K
  class space    used 3456K, capacity 3697K, committed 3712K, reserved 1048576K
}
Event: 1.800 GC heap after
{Heap after GC invocations=5 (full 0):
 garbage-first heap   total 129024K, used 18284K [0x0000000080000000, 0x0000000100000000)
  region size 1024K, 3 young (3072K), 3 survivors (3072K)
 Metaspace       used 26353K, capacity 26994K, committed 27264K, reserved 1073152K
  class space    used 3456K, capacity 3697K, committed 3712K, reserved 1048576K
}
Event: 2.236 GC heap before
{Heap before GC invocations=5 (full 0):
 garbage-first heap   total 129024K, used 63340K [0x0000000080000000, 0x0000000100000000)
  region size 1024K, 49 young (50176K), 3 survivors (3072K)
 Metaspace       used 35081K, capacity 35772K, committed 35840K, reserved 1081344K
  class space    used 4568K, capacity 4857K, committed 4864K, reserved 1048576K
}
Event: 2.242 GC heap after
{Heap after GC invocations=6 (full 0):
 garbage-first heap   total 129024K, used 21428K [0x0000000080000000, 0x0000000100000000)
  region size 1024K, 6 young (6144K), 6 survivors (6144K)
 Metaspace       used 35081K, capacity 35772K, committed 35840K, reserved 1081344K
  class space    used 4568K, capacity 4857K, committed 4864K, reserved 1048576K
}
Event: 2.665 GC heap before
{Heap before GC invocations=7 (full 0):
 garbage-first heap   total 129024K, used 82868K [0x0000000080000000, 0x0000000100000000)
  region size 1024K, 63 young (64512K), 6 survivors (6144K)
 Metaspace       used 40675K, capacity 41501K, committed 41600K, reserved 1085440K
  class space    used 5199K, capacity 5502K, committed 5504K, reserved 1048576K
}
Event: 2.672 GC heap after
{Heap after GC invocations=8 (full 0):
 garbage-first heap   total 129024K, used 25421K [0x0000000080000000, 0x0000000100000000)
  region size 1024K, 8 young (8192K), 8 survivors (8192K)
 Metaspace       used 40675K, capacity 41501K, committed 41600K, reserved 1085440K
  class space    used 5199K, capacity 5502K, committed 5504K, reserved 1048576K
}
Event: 3.109 GC heap before
{Heap before GC invocations=8 (full 0):
 garbage-first heap   total 129024K, used 84813K [0x0000000080000000, 0x0000000100000000)
  region size 1024K, 66 young (67584K), 8 survivors (8192K)
 Metaspace       used 44339K, capacity 45391K, committed 45568K, reserved 1089536K
  class space    used 5698K, capacity 6079K, committed 6144K, reserved 1048576K
}
Event: 3.114 GC heap after
{Heap after GC invocations=9 (full 0):
 garbage-first heap   total 155648K, used 28785K [0x0000000080000000, 0x0000000100000000)
  region size 1024K, 8 young (8192K), 8 survivors (8192K)
 Metaspace       used 44339K, capacity 45391K, committed 45568K, reserved 1089536K
  class space    used 5698K, capacity 6079K, committed 6144K, reserved 1048576K
}
Event: 3.641 GC heap before
{Heap before GC invocations=9 (full 0):
 garbage-first heap   total 155648K, used 107633K [0x0000000080000000, 0x0000000100000000)
  region size 1024K, 80 young (81920K), 8 survivors (8192K)
 Metaspace       used 51431K, capacity 52729K, committed 52992K, reserved 1095680K
  class space    used 6577K, capacity 7061K, committed 7168K, reserved 1048576K
}
Event: 3.647 GC heap after
{Heap after GC invocations=10 (full 0):
 garbage-first heap   total 155648K, used 43218K [0x0000000080000000, 0x0000000100000000)
  region size 1024K, 10 young (10240K), 10 survivors (10240K)
 Metaspace       used 51431K, capacity 52729K, committed 52992K, reserved 1095680K
  class space    used 6577K, capacity 7061K, committed 7168K, reserved 1048576K
}
Event: 4.194 GC heap before
{Heap before GC invocations=10 (full 0):
 garbage-first heap   total 155648K, used 102610K [0x0000000080000000, 0x0000000100000000)
  region size 1024K, 68 young (69632K), 10 survivors (10240K)
 Metaspace       used 58645K, capacity 60038K, committed 60160K, reserved 1101824K
  class space    used 7447K, capacity 7944K, committed 8064K, reserved 1048576K
}
Event: 4.206 GC heap after
{Heap after GC invocations=11 (full 0):
 garbage-first heap   total 155648K, used 49372K [0x0000000080000000, 0x0000000100000000)
  region size 1024K, 6 young (6144K), 6 survivors (6144K)
 Metaspace       used 58645K, capacity 60038K, committed 60160K, reserved 1101824K
  class space    used 7447K, capacity 7944K, committed 8064K, reserved 1048576K
}
Event: 4.630 GC heap before
{Heap before GC invocations=12 (full 0):
 garbage-first heap   total 155648K, used 110812K [0x0000000080000000, 0x0000000100000000)
  region size 1024K, 66 young (67584K), 6 survivors (6144K)
 Metaspace       used 62971K, capacity 64422K, committed 64640K, reserved 1105920K
  class space    used 7995K, capacity 8527K, committed 8576K, reserved 1048576K
}
Event: 4.635 GC heap after
{Heap after GC invocations=13 (full 0):
 garbage-first heap   total 155648K, used 54000K [0x0000000080000000, 0x0000000100000000)
  region size 1024K, 6 young (6144K), 6 survivors (6144K)
 Metaspace       used 62971K, capacity 64422K, committed 64640K, reserved 1105920K
  class space    used 7995K, capacity 8527K, committed 8576K, reserved 1048576K
}
Event: 5.170 GC heap before
{Heap before GC invocations=13 (full 0):
 garbage-first heap   total 155648K, used 114416K [0x0000000080000000, 0x0000000100000000)
  region size 1024K, 65 young (66560K), 6 survivors (6144K)
 Metaspace       used 69269K, capacity 70844K, committed 71168K, reserved 1110016K
  class space    used 9039K, capacity 9610K, committed 9728K, reserved 1048576K
}
Event: 5.177 GC heap after
{Heap after GC invocations=14 (full 0):
 garbage-first heap   total 187392K, used 57642K [0x0000000080000000, 0x0000000100000000)
  region size 1024K, 4 young (4096K), 4 survivors (4096K)
 Metaspace       used 69269K, capacity 70844K, committed 71168K, reserved 1110016K
  class space    used 9039K, capacity 9610K, committed 9728K, reserved 1048576K
}
Event: 5.962 GC heap before
{Heap before GC invocations=14 (full 0):
 garbage-first heap   total 187392K, used 132394K [0x0000000080000000, 0x0000000100000000)
  region size 1024K, 78 young (79872K), 4 survivors (4096K)
 Metaspace       used 77524K, capacity 79369K, committed 79616K, reserved 1118208K
  class space    used 10102K, capacity 10727K, committed 10752K, reserved 1048576K
}
Event: 5.968 GC heap after
{Heap after GC invocations=15 (full 0):
 garbage-first heap   total 187392K, used 62357K [0x0000000080000000, 0x0000000100000000)
  region size 1024K, 9 young (9216K), 9 survivors (9216K)
 Metaspace       used 77524K, capacity 79369K, committed 79616K, reserved 1118208K
  class space    used 10102K, capacity 10727K, committed 10752K, reserved 1048576K
}
Event: 6.463 GC heap before
{Heap before GC invocations=15 (full 0):
 garbage-first heap   total 187392K, used 137109K [0x0000000080000000, 0x0000000100000000)
  region size 1024K, 83 young (84992K), 9 survivors (9216K)
 Metaspace       used 79022K, capacity 80992K, committed 81280K, reserved 1120256K
  class space    used 10287K, capacity 11016K, committed 11136K, reserved 1048576K
}
Event: 6.471 GC heap after
{Heap after GC invocations=16 (full 0):
 garbage-first heap   total 187392K, used 67032K [0x0000000080000000, 0x0000000100000000)
  region size 1024K, 10 young (10240K), 10 survivors (10240K)
 Metaspace       used 79022K, capacity 80992K, committed 81280K, reserved 1120256K
  class space    used 10287K, capacity 11016K, committed 11136K, reserved 1048576K
}

