# JRE version: OpenJDK Runtime Environment (11.0.8+10) (build 11.0.8+10-b944.6842174)
# Java VM: OpenJDK 64-Bit Server VM (11.0.8+10-b944.6842174, mixed mode, tiered, compressed oops, g1 gc, windows-amd64)
Heap:
 garbage-first heap   total 187392K, used 126277K [0x0000000080000000, 0x0000000100000000)
  region size 1024K, 65 young (66560K), 8 survivors (8192K)
 Metaspace       used 86882K, capacity 88976K, committed 89216K, reserved 1126400K
  class space    used 11111K, capacity 11880K, committed 11904K, reserved 1048576K
GC Heap History (20 events):
Event: 2.220 GC heap before
{Heap before GC invocations=5 (full 0):
 garbage-first heap   total 129024K, used 61230K [0x0000000080000000, 0x0000000100000000)
  region size 1024K, 47 young (48128K), 3 survivors (3072K)
 Metaspace       used 35082K, capacity 35776K, committed 35840K, reserved 1081344K
  class space    used 4572K, capacity 4859K, committed 4864K, reserved 1048576K
}
Event: 2.225 GC heap after
{Heap after GC invocations=6 (full 0):
 garbage-first heap   total 129024K, used 21363K [0x0000000080000000, 0x0000000100000000)
  region size 1024K, 6 young (6144K), 6 survivors (6144K)
 Metaspace       used 35082K, capacity 35776K, committed 35840K, reserved 1081344K
  class space    used 4572K, capacity 4859K, committed 4864K, reserved 1048576K
}
Event: 2.669 GC heap before
{Heap before GC invocations=7 (full 0):
 garbage-first heap   total 129024K, used 85875K [0x0000000080000000, 0x0000000100000000)
  region size 1024K, 66 young (67584K), 6 survivors (6144K)
 Metaspace       used 40862K, capacity 41733K, committed 41984K, reserved 1085440K
  class space    used 5231K, capacity 5537K, committed 5632K, reserved 1048576K
}
Event: 2.677 GC heap after
{Heap after GC invocations=8 (full 0):
 garbage-first heap   total 155648K, used 25341K [0x0000000080000000, 0x0000000100000000)
  region size 1024K, 8 young (8192K), 8 survivors (8192K)
 Metaspace       used 40862K, capacity 41733K, committed 41984K, reserved 1085440K
  class space    used 5231K, capacity 5537K, committed 5632K, reserved 1048576K
}
Event: 3.179 GC heap before
{Heap before GC invocations=8 (full 0):
 garbage-first heap   total 155648K, used 99069K [0x0000000080000000, 0x0000000100000000)
  region size 1024K, 80 young (81920K), 8 survivors (8192K)
 Metaspace       used 44680K, capacity 45849K, committed 46080K, reserved 1089536K
  class space    used 5739K, capacity 6123K, committed 6144K, reserved 1048576K
}
Event: 3.184 GC heap after
{Heap after GC invocations=9 (full 0):
 garbage-first heap   total 155648K, used 29146K [0x0000000080000000, 0x0000000100000000)
  region size 1024K, 8 young (8192K), 8 survivors (8192K)
 Metaspace       used 44680K, capacity 45849K, committed 46080K, reserved 1089536K
  class space    used 5739K, capacity 6123K, committed 6144K, reserved 1048576K
}
Event: 3.821 GC heap before
{Heap before GC invocations=9 (full 0):
 garbage-first heap   total 155648K, used 109018K [0x0000000080000000, 0x0000000100000000)
  region size 1024K, 81 young (82944K), 8 survivors (8192K)
 Metaspace       used 53550K, capacity 54848K, committed 54912K, reserved 1097728K
  class space    used 6836K, capacity 7291K, committed 7296K, reserved 1048576K
}
Event: 3.828 GC heap after
{Heap after GC invocations=10 (full 0):
 garbage-first heap   total 155648K, used 44101K [0x0000000080000000, 0x0000000100000000)
  region size 1024K, 11 young (11264K), 11 survivors (11264K)
 Metaspace       used 53550K, capacity 54848K, committed 54912K, reserved 1097728K
  class space    used 6836K, capacity 7291K, committed 7296K, reserved 1048576K
}
Event: 4.239 GC heap before
{Heap before GC invocations=10 (full 0):
 garbage-first heap   total 155648K, used 87109K [0x0000000080000000, 0x0000000100000000)
  region size 1024K, 54 young (55296K), 11 survivors (11264K)
 Metaspace       used 58576K, capacity 60008K, committed 60160K, reserved 1101824K
  class space    used 7449K, capacity 7975K, committed 8064K, reserved 1048576K
}
Event: 4.250 GC heap after
{Heap after GC invocations=11 (full 0):
 garbage-first heap   total 155648K, used 49363K [0x0000000080000000, 0x0000000100000000)
  region size 1024K, 6 young (6144K), 6 survivors (6144K)
 Metaspace       used 58576K, capacity 60008K, committed 60160K, reserved 1101824K
  class space    used 7449K, capacity 7975K, committed 8064K, reserved 1048576K
}
Event: 4.679 GC heap before
{Heap before GC invocations=12 (full 0):
 garbage-first heap   total 155648K, used 107731K [0x0000000080000000, 0x0000000100000000)
  region size 1024K, 63 young (64512K), 6 survivors (6144K)
 Metaspace       used 62581K, capacity 64069K, committed 64384K, reserved 1105920K
  class space    used 7938K, capacity 8493K, committed 8576K, reserved 1048576K
}
Event: 4.686 GC heap after
{Heap after GC invocations=13 (full 0):
 garbage-first heap   total 187392K, used 52994K [0x0000000080000000, 0x0000000100000000)
  region size 1024K, 5 young (5120K), 5 survivors (5120K)
 Metaspace       used 62581K, capacity 64069K, committed 64384K, reserved 1105920K
  class space    used 7938K, capacity 8493K, committed 8576K, reserved 1048576K
}
Event: 5.336 GC heap before
{Heap before GC invocations=13 (full 0):
 garbage-first heap   total 187392K, used 124674K [0x0000000080000000, 0x0000000100000000)
  region size 1024K, 75 young (76800K), 5 survivors (5120K)
 Metaspace       used 70473K, capacity 72075K, committed 72320K, reserved 1112064K
  class space    used 9237K, capacity 9830K, committed 9856K, reserved 1048576K
}
Event: 5.341 GC heap after
{Heap after GC invocations=14 (full 0):
 garbage-first heap   total 187392K, used 56592K [0x0000000080000000, 0x0000000100000000)
  region size 1024K, 9 young (9216K), 9 survivors (9216K)
 Metaspace       used 70473K, capacity 72075K, committed 72320K, reserved 1112064K
  class space    used 9237K, capacity 9830K, committed 9856K, reserved 1048576K
}
Event: 6.112 GC heap before
{Heap before GC invocations=14 (full 0):
 garbage-first heap   total 187392K, used 129296K [0x0000000080000000, 0x0000000100000000)
  region size 1024K, 81 young (82944K), 9 survivors (9216K)
 Metaspace       used 77780K, capacity 79563K, committed 79744K, reserved 1118208K
  class space    used 10133K, capacity 10766K, committed 10880K, reserved 1048576K
}
Event: 6.119 GC heap after
{Heap after GC invocations=15 (full 0):
 garbage-first heap   total 187392K, used 61753K [0x0000000080000000, 0x0000000100000000)
  region size 1024K, 9 young (9216K), 9 survivors (9216K)
 Metaspace       used 77780K, capacity 79563K, committed 79744K, reserved 1118208K
  class space    used 10133K, capacity 10766K, committed 10880K, reserved 1048576K
}
Event: 6.651 GC heap before
{Heap before GC invocations=15 (full 0):
 garbage-first heap   total 187392K, used 134457K [0x0000000080000000, 0x0000000100000000)
  region size 1024K, 81 young (82944K), 9 survivors (9216K)
 Metaspace       used 79124K, capacity 81124K, committed 81280K, reserved 1120256K
  class space    used 10295K, capacity 11013K, committed 11136K, reserved 1048576K
}
Event: 6.659 GC heap after
{Heap after GC invocations=16 (full 0):
 garbage-first heap   total 187392K, used 66341K [0x0000000080000000, 0x0000000100000000)
  region size 1024K, 10 young (10240K), 10 survivors (10240K)
 Metaspace       used 79124K, capacity 81124K, committed 81280K, reserved 1120256K
  class space    used 10295K, capacity 11013K, committed 11136K, reserved 1048576K
}
Event: 7.251 GC heap before
{Heap before GC invocations=16 (full 0):
 garbage-first heap   total 187392K, used 138021K [0x0000000080000000, 0x0000000100000000)
  region size 1024K, 81 young (82944K), 10 survivors (10240K)
 Metaspace       used 84195K, capacity 86339K, committed 86528K, reserved 1124352K
  class space    used 10927K, capacity 11689K, committed 11776K, reserved 1048576K
}
Event: 7.259 GC heap after
{Heap after GC invocations=17 (full 0):
 garbage-first heap   total 187392K, used 69957K [0x0000000080000000, 0x0000000100000000)
  region size 1024K, 8 young (8192K), 8 survivors (8192K)
 Metaspace       used 84195K, capacity 86339K, committed 86528K, reserved 1124352K
  class space    used 10927K, capacity 11689K, committed 11776K, reserved 1048576K
}

