# JRE version: OpenJDK Runtime Environment (11.0.8+10) (build 11.0.8+10-b944.6842174)
# Java VM: OpenJDK 64-Bit Server VM (11.0.8+10-b944.6842174, mixed mode, tiered, compressed oops, g1 gc, windows-amd64)
Heap:
 garbage-first heap   total 290816K, used 154792K [0x0000000080000000, 0x0000000100000000)
  region size 1024K, 2 young (2048K), 2 survivors (2048K)
 Metaspace       used 91569K, capacity 93757K, committed 94208K, reserved 1130496K
  class space    used 12033K, capacity 12871K, committed 13056K, reserved 1048576K
GC Heap History (20 events):
Event: 7.236 GC heap after
{Heap after GC invocations=17 (full 0):
 garbage-first heap   total 187392K, used 67037K [0x0000000080000000, 0x0000000100000000)
  region size 1024K, 10 young (10240K), 10 survivors (10240K)
 Metaspace       used 79063K, capacity 81085K, committed 81152K, reserved 1120256K
  class space    used 10287K, capacity 10998K, committed 11008K, reserved 1048576K
}
Event: 7.785 GC heap before
{Heap before GC invocations=17 (full 0):
 garbage-first heap   total 187392K, used 141789K [0x0000000080000000, 0x0000000100000000)
  region size 1024K, 84 young (86016K), 10 survivors (10240K)
 Metaspace       used 83108K, capacity 85126K, committed 85376K, reserved 1122304K
  class space    used 10792K, capacity 11545K, committed 11648K, reserved 1048576K
}
Event: 7.793 GC heap after
{Heap after GC invocations=18 (full 0):
 garbage-first heap   total 187392K, used 70434K [0x0000000080000000, 0x0000000100000000)
  region size 1024K, 9 young (9216K), 9 survivors (9216K)
 Metaspace       used 83108K, capacity 85126K, committed 85376K, reserved 1122304K
  class space    used 10792K, capacity 11545K, committed 11648K, reserved 1048576K
}
Event: 7.964 GC heap before
{Heap before GC invocations=18 (full 0):
 garbage-first heap   total 187392K, used 146210K [0x0000000080000000, 0x0000000100000000)
  region size 1024K, 83 young (84992K), 9 survivors (9216K)
 Metaspace       used 84272K, capacity 86398K, committed 86528K, reserved 1124352K
  class space    used 10962K, capacity 11730K, committed 11776K, reserved 1048576K
}
Event: 7.971 GC heap after
{Heap after GC invocations=19 (full 0):
 garbage-first heap   total 187392K, used 90903K [0x0000000080000000, 0x0000000100000000)
  region size 1024K, 11 young (11264K), 11 survivors (11264K)
 Metaspace       used 84272K, capacity 86398K, committed 86528K, reserved 1124352K
  class space    used 10962K, capacity 11730K, committed 11776K, reserved 1048576K
}
Event: 8.137 GC heap before
{Heap before GC invocations=19 (full 0):
 garbage-first heap   total 187392K, used 144151K [0x0000000080000000, 0x0000000100000000)
  region size 1024K, 64 young (65536K), 11 survivors (11264K)
 Metaspace       used 86734K, capacity 89051K, committed 89344K, reserved 1126400K
  class space    used 11355K, capacity 12200K, committed 12288K, reserved 1048576K
}
Event: 8.145 GC heap after
{Heap after GC invocations=20 (full 0):
 garbage-first heap   total 187392K, used 98296K [0x0000000080000000, 0x0000000100000000)
  region size 1024K, 8 young (8192K), 8 survivors (8192K)
 Metaspace       used 86734K, capacity 89051K, committed 89344K, reserved 1126400K
  class space    used 11355K, capacity 12200K, committed 12288K, reserved 1048576K
}
Event: 8.258 GC heap before
{Heap before GC invocations=20 (full 0):
 garbage-first heap   total 187392K, used 145400K [0x0000000080000000, 0x0000000100000000)
  region size 1024K, 54 young (55296K), 8 survivors (8192K)
 Metaspace       used 87127K, capacity 89526K, committed 89600K, reserved 1126400K
  class space    used 11396K, capacity 12269K, committed 12288K, reserved 1048576K
}
Event: 8.278 GC heap after
{Heap after GC invocations=21 (full 0):
 garbage-first heap   total 187392K, used 111602K [0x0000000080000000, 0x0000000100000000)
  region size 1024K, 7 young (7168K), 7 survivors (7168K)
 Metaspace       used 87127K, capacity 89526K, committed 89600K, reserved 1126400K
  class space    used 11396K, capacity 12269K, committed 12288K, reserved 1048576K
}
Event: 8.388 GC heap before
{Heap before GC invocations=21 (full 0):
 garbage-first heap   total 187392K, used 148466K [0x0000000080000000, 0x0000000100000000)
  region size 1024K, 43 young (44032K), 7 survivors (7168K)
 Metaspace       used 86977K, capacity 89112K, committed 89984K, reserved 1126400K
  class space    used 11318K, capacity 12087K, committed 12416K, reserved 1048576K
}
Event: 8.401 GC heap after
{Heap after GC invocations=22 (full 0):
 garbage-first heap   total 187392K, used 121431K [0x0000000080000000, 0x0000000100000000)
  region size 1024K, 6 young (6144K), 6 survivors (6144K)
 Metaspace       used 86977K, capacity 89112K, committed 89984K, reserved 1126400K
  class space    used 11318K, capacity 12087K, committed 12416K, reserved 1048576K
}
Event: 8.486 GC heap before
{Heap before GC invocations=23 (full 0):
 garbage-first heap   total 187392K, used 151127K [0x0000000080000000, 0x0000000100000000)
  region size 1024K, 35 young (35840K), 6 survivors (6144K)
 Metaspace       used 87330K, capacity 89505K, committed 90240K, reserved 1126400K
  class space    used 11367K, capacity 12153K, committed 12416K, reserved 1048576K
}
Event: 8.498 GC heap after
{Heap after GC invocations=24 (full 0):
 garbage-first heap   total 225280K, used 129794K [0x0000000080000000, 0x0000000100000000)
  region size 1024K, 5 young (5120K), 5 survivors (5120K)
 Metaspace       used 87330K, capacity 89505K, committed 90240K, reserved 1126400K
  class space    used 11367K, capacity 12153K, committed 12416K, reserved 1048576K
}
Event: 8.546 GC heap before
{Heap before GC invocations=24 (full 0):
 garbage-first heap   total 225280K, used 169730K [0x0000000080000000, 0x0000000100000000)
  region size 1024K, 44 young (45056K), 5 survivors (5120K)
 Metaspace       used 87440K, capacity 89574K, committed 90240K, reserved 1126400K
  class space    used 11370K, capacity 12153K, committed 12416K, reserved 1048576K
}
Event: 8.558 GC heap after
{Heap after GC invocations=25 (full 0):
 garbage-first heap   total 225280K, used 138686K [0x0000000080000000, 0x0000000100000000)
  region size 1024K, 6 young (6144K), 6 survivors (6144K)
 Metaspace       used 87440K, capacity 89574K, committed 90240K, reserved 1126400K
  class space    used 11370K, capacity 12153K, committed 12416K, reserved 1048576K
}
Event: 8.613 GC heap before
{Heap before GC invocations=25 (full 0):
 garbage-first heap   total 225280K, used 174526K [0x0000000080000000, 0x0000000100000000)
  region size 1024K, 42 young (43008K), 6 survivors (6144K)
 Metaspace       used 87534K, capacity 89670K, committed 90496K, reserved 1128448K
  class space    used 11389K, capacity 12185K, committed 12416K, reserved 1048576K
}
Event: 8.623 GC heap after
{Heap after GC invocations=26 (full 0):
 garbage-first heap   total 225280K, used 145777K [0x0000000080000000, 0x0000000100000000)
  region size 1024K, 6 young (6144K), 6 survivors (6144K)
 Metaspace       used 87534K, capacity 89670K, committed 90496K, reserved 1128448K
  class space    used 11389K, capacity 12185K, committed 12416K, reserved 1048576K
}
Event: 8.748 GC heap before
{Heap before GC invocations=26 (full 0):
 garbage-first heap   total 225280K, used 180593K [0x0000000080000000, 0x0000000100000000)
  region size 1024K, 40 young (40960K), 6 survivors (6144K)
 Metaspace       used 88450K, capacity 90509K, committed 91392K, reserved 1128448K
  class space    used 11477K, capacity 12252K, committed 12544K, reserved 1048576K
}
Event: 8.758 GC heap after
{Heap after GC invocations=27 (full 0):
 garbage-first heap   total 225280K, used 152382K [0x0000000080000000, 0x0000000100000000)
  region size 1024K, 5 young (5120K), 5 survivors (5120K)
 Metaspace       used 88450K, capacity 90509K, committed 91392K, reserved 1128448K
  class space    used 11477K, capacity 12252K, committed 12544K, reserved 1048576K
}
Event: 8.951 GC heap before
{Heap before GC invocations=28 (full 0):
 garbage-first heap   total 225280K, used 184126K [0x0000000080000000, 0x0000000100000000)
  region size 1024K, 37 young (37888K), 5 survivors (5120K)
 Metaspace       used 91569K, capacity 93757K, committed 94208K, reserved 1130496K
  class space    used 12033K, capacity 12871K, committed 13056K, reserved 1048576K
}

